<?xml version="1.0" encoding="UTF-8"?>
<testng-results ignored="0" total="1" passed="1" failed="0" skipped="0">
  <reporter-output>
  </reporter-output>
  <suite started-at="2023-09-04T16:06:56 CEST" name="Default suite" finished-at="2023-09-04T16:06:58 CEST" duration-ms="1611">
    <groups>
    </groups>
    <test started-at="2023-09-04T16:06:56 CEST" name="Default test" finished-at="2023-09-04T16:06:58 CEST" duration-ms="1611">
      <class name="restassuredcrudtests.GetRequest">
        <test-method signature="GetBookingBDD()[pri:0, instance:restassuredcrudtests.GetRequest@3ee37e5a]" started-at="2023-09-04T16:06:56 CEST" name="GetBookingBDD" finished-at="2023-09-04T16:06:58 CEST" duration-ms="1564" status="PASS">
          <reporter-output>
          </reporter-output>
        </test-method> <!-- GetBookingBDD -->
      </class> <!-- restassuredcrudtests.GetRequest -->
    </test> <!-- Default test -->
  </suite> <!-- Default suite -->
</testng-results>
